# JRE version: OpenJDK Runtime Environment (14.0.2+12) (build 14.0.2+12-46)
# Java VM: OpenJDK 64-Bit Server VM (14.0.2+12-46, mixed mode, tiered, compressed oops, g1 gc, windows-amd64)
Heap:
 garbage-first heap   total 51200K, used 39692K [0x00000000c8c00000, 0x0000000100000000)
  region size 1024K, 15 young (15360K), 2 survivors (2048K)
 Metaspace       used 35600K, capacity 36430K, committed 36656K, reserved 1081344K
  class space    used 4085K, capacity 4382K, committed 4480K, reserved 1048576K
GC Heap History (20 events):
Event: 1.860 GC heap before
{Heap before GC invocations=1 (full 0):
 garbage-first heap   total 57344K, used 15275K [0x00000000c8c00000, 0x0000000100000000)
  region size 1024K, 13 young (13312K), 2 survivors (2048K)
 Metaspace       used 15541K, capacity 15826K, committed 16000K, reserved 1062912K
  class space    used 1572K, capacity 1662K, committed 1664K, reserved 1048576K
}
Event: 1.868 GC heap after
{Heap after GC invocations=2 (full 0):
 garbage-first heap   total 57344K, used 4802K [0x00000000c8c00000, 0x0000000100000000)
  region size 1024K, 1 young (1024K), 1 survivors (1024K)
 Metaspace       used 15541K, capacity 15826K, committed 16000K, reserved 1062912K
  class space    used 1572K, capacity 1662K, committed 1664K, reserved 1048576K
}
Event: 2.362 GC heap before
{Heap before GC invocations=2 (full 0):
 garbage-first heap   total 57344K, used 24258K [0x00000000c8c00000, 0x0000000100000000)
  region size 1024K, 20 young (20480K), 1 survivors (1024K)
 Metaspace       used 17907K, capacity 18238K, committed 18304K, reserved 1064960K
  class space    used 1781K, capacity 1889K, committed 1920K, reserved 1048576K
}
Event: 2.367 GC heap after
{Heap after GC invocations=3 (full 0):
 garbage-first heap   total 57344K, used 5392K [0x00000000c8c00000, 0x0000000100000000)
  region size 1024K, 2 young (2048K), 2 survivors (2048K)
 Metaspace       used 17907K, capacity 18238K, committed 18304K, reserved 1064960K
  class space    used 1781K, capacity 1889K, committed 1920K, reserved 1048576K
}
Event: 3.230 GC heap before
{Heap before GC invocations=3 (full 0):
 garbage-first heap   total 57344K, used 37136K [0x00000000c8c00000, 0x0000000100000000)
  region size 1024K, 33 young (33792K), 2 survivors (2048K)
 Metaspace       used 19874K, capacity 20182K, committed 20480K, reserved 1067008K
  class space    used 2070K, capacity 2177K, committed 2304K, reserved 1048576K
}
Event: 3.235 GC heap after
{Heap after GC invocations=4 (full 0):
 garbage-first heap   total 57344K, used 5697K [0x00000000c8c00000, 0x0000000100000000)
  region size 1024K, 2 young (2048K), 2 survivors (2048K)
 Metaspace       used 19874K, capacity 20182K, committed 20480K, reserved 1067008K
  class space    used 2070K, capacity 2177K, committed 2304K, reserved 1048576K
}
Event: 3.603 GC heap before
{Heap before GC invocations=4 (full 0):
 garbage-first heap   total 57344K, used 29249K [0x00000000c8c00000, 0x0000000100000000)
  region size 1024K, 26 young (26624K), 2 survivors (2048K)
 Metaspace       used 20807K, capacity 21160K, committed 21296K, reserved 1069056K
  class space    used 2196K, capacity 2354K, committed 2432K, reserved 1048576K
}
Event: 3.608 GC heap after
{Heap after GC invocations=5 (full 0):
 garbage-first heap   total 57344K, used 6251K [0x00000000c8c00000, 0x0000000100000000)
  region size 1024K, 2 young (2048K), 2 survivors (2048K)
 Metaspace       used 20807K, capacity 21160K, committed 21296K, reserved 1069056K
  class space    used 2196K, capacity 2354K, committed 2432K, reserved 1048576K
}
Event: 4.884 GC heap before
{Heap before GC invocations=6 (full 0):
 garbage-first heap   total 27648K, used 20587K [0x00000000c8c00000, 0x0000000100000000)
  region size 1024K, 16 young (16384K), 2 survivors (2048K)
 Metaspace       used 24092K, capacity 24545K, committed 24752K, reserved 1071104K
  class space    used 2622K, capacity 2760K, committed 2816K, reserved 1048576K
}
Event: 4.893 GC heap after
{Heap after GC invocations=7 (full 0):
 garbage-first heap   total 27648K, used 7339K [0x00000000c8c00000, 0x0000000100000000)
  region size 1024K, 2 young (2048K), 2 survivors (2048K)
 Metaspace       used 24092K, capacity 24545K, committed 24752K, reserved 1071104K
  class space    used 2622K, capacity 2760K, committed 2816K, reserved 1048576K
}
Event: 5.495 GC heap before
{Heap before GC invocations=7 (full 0):
 garbage-first heap   total 27648K, used 19627K [0x00000000c8c00000, 0x0000000100000000)
  region size 1024K, 14 young (14336K), 2 survivors (2048K)
 Metaspace       used 26999K, capacity 27473K, committed 27696K, reserved 1073152K
  class space    used 2954K, capacity 3089K, committed 3200K, reserved 1048576K
}
Event: 5.510 GC heap after
{Heap after GC invocations=8 (full 0):
 garbage-first heap   total 27648K, used 8706K [0x00000000c8c00000, 0x0000000100000000)
  region size 1024K, 2 young (2048K), 2 survivors (2048K)
 Metaspace       used 26999K, capacity 27473K, committed 27696K, reserved 1073152K
  class space    used 2954K, capacity 3089K, committed 3200K, reserved 1048576K
}
Event: 6.053 GC heap before
{Heap before GC invocations=8 (full 0):
 garbage-first heap   total 27648K, used 18946K [0x00000000c8c00000, 0x0000000100000000)
  region size 1024K, 12 young (12288K), 2 survivors (2048K)
 Metaspace       used 28597K, capacity 29058K, committed 29104K, reserved 1075200K
  class space    used 3143K, capacity 3319K, committed 3328K, reserved 1048576K
}
Event: 6.061 GC heap after
{Heap after GC invocations=9 (full 0):
 garbage-first heap   total 33792K, used 8991K [0x00000000c8c00000, 0x0000000100000000)
  region size 1024K, 1 young (1024K), 1 survivors (1024K)
 Metaspace       used 28597K, capacity 29058K, committed 29104K, reserved 1075200K
  class space    used 3143K, capacity 3319K, committed 3328K, reserved 1048576K
}
Event: 7.750 GC heap before
{Heap before GC invocations=9 (full 0):
 garbage-first heap   total 33792K, used 23327K [0x00000000c8c00000, 0x0000000100000000)
  region size 1024K, 15 young (15360K), 1 survivors (1024K)
 Metaspace       used 31507K, capacity 32173K, committed 32432K, reserved 1077248K
  class space    used 3575K, capacity 3817K, committed 3840K, reserved 1048576K
}
Event: 7.753 GC heap after
{Heap after GC invocations=10 (full 0):
 garbage-first heap   total 33792K, used 9594K [0x00000000c8c00000, 0x0000000100000000)
  region size 1024K, 1 young (1024K), 1 survivors (1024K)
 Metaspace       used 31507K, capacity 32173K, committed 32432K, reserved 1077248K
  class space    used 3575K, capacity 3817K, committed 3840K, reserved 1048576K
}
Event: 8.138 GC heap before
{Heap before GC invocations=10 (full 0):
 garbage-first heap   total 33792K, used 22906K [0x00000000c8c00000, 0x0000000100000000)
  region size 1024K, 15 young (15360K), 1 survivors (1024K)
 Metaspace       used 33149K, capacity 33837K, committed 33968K, reserved 1079296K
  class space    used 3804K, capacity 4052K, committed 4096K, reserved 1048576K
}
Event: 8.142 GC heap after
{Heap after GC invocations=11 (full 0):
 garbage-first heap   total 33792K, used 10009K [0x00000000c8c00000, 0x0000000100000000)
  region size 1024K, 2 young (2048K), 2 survivors (2048K)
 Metaspace       used 33149K, capacity 33837K, committed 33968K, reserved 1079296K
  class space    used 3804K, capacity 4052K, committed 4096K, reserved 1048576K
}
Event: 8.171 GC heap before
{Heap before GC invocations=11 (full 0):
 garbage-first heap   total 33792K, used 10009K [0x00000000c8c00000, 0x0000000100000000)
  region size 1024K, 3 young (3072K), 2 survivors (2048K)
 Metaspace       used 33230K, capacity 33901K, committed 33968K, reserved 1079296K
  class space    used 3814K, capacity 4052K, committed 4096K, reserved 1048576K
}
Event: 8.175 GC heap after
{Heap after GC invocations=12 (full 0):
 garbage-first heap   total 33792K, used 9996K [0x00000000c8c00000, 0x0000000100000000)
  region size 1024K, 2 young (2048K), 2 survivors (2048K)
 Metaspace       used 33230K, capacity 33901K, committed 33968K, reserved 1079296K
  class space    used 3814K, capacity 4052K, committed 4096K, reserved 1048576K
}

