<?xml version="1.0" encoding="UTF-8"?>
<testng-results ignored="0" total="1" passed="1" failed="0" skipped="0">
  <reporter-output>
  </reporter-output>
  <suite started-at="2021-10-02T22:31:58 GMT-07:00" name="Default suite" finished-at="2021-10-02T22:32:26 GMT-07:00" duration-ms="28088">
    <groups>
    </groups>
    <test started-at="2021-10-02T22:31:58 GMT-07:00" name="Default test" finished-at="2021-10-02T22:32:26 GMT-07:00" duration-ms="28088">
      <class name="com.test.LoginTest">
        <test-method is-config="true" signature="m1()[pri:0, instance:com.test.LoginTest@15bbf42f]" started-at="2021-10-02T22:31:58 GMT-07:00" name="m1" finished-at="2021-10-02T22:32:15 GMT-07:00" duration-ms="17743" status="PASS">
          <reporter-output>
          </reporter-output>
        </test-method> <!-- m1 -->
        <test-method signature="m3()[pri:0, instance:com.test.LoginTest@15bbf42f]" started-at="2021-10-02T22:32:15 GMT-07:00" name="m3" finished-at="2021-10-02T22:32:15 GMT-07:00" duration-ms="5" status="PASS">
          <reporter-output>
          </reporter-output>
        </test-method> <!-- m3 -->
        <test-method is-config="true" signature="tearDown()[pri:0, instance:com.test.LoginTest@15bbf42f]" started-at="2021-10-02T22:32:15 GMT-07:00" name="tearDown" finished-at="2021-10-02T22:32:26 GMT-07:00" duration-ms="10287" status="PASS">
          <reporter-output>
          </reporter-output>
        </test-method> <!-- tearDown -->
      </class> <!-- com.test.LoginTest -->
    </test> <!-- Default test -->
  </suite> <!-- Default suite -->
</testng-results>
